<?xml version="1.0" encoding="UTF-8"?>
<testng-results ignored="0" total="1" passed="1" failed="0" skipped="0">
  <reporter-output>
  </reporter-output>
  <suite started-at="2022-02-11T17:06:51Z" name="Default suite" finished-at="2022-02-11T17:06:57Z" duration-ms="6049">
    <groups>
    </groups>
    <test started-at="2022-02-11T17:06:51Z" name="Default test" finished-at="2022-02-11T17:06:57Z" duration-ms="6049">
      <class name="com.corp.qa.testcases.LoginPageTest1">
        <test-method is-config="true" signature="SSSetUp()[pri:0, instance:com.corp.qa.testcases.LoginPageTest1@8ad6665]" started-at="2022-02-11T17:06:51Z" name="SSSetUp" finished-at="2022-02-11T17:06:55Z" duration-ms="4300" status="PASS">
          <reporter-output>
          </reporter-output>
        </test-method> <!-- SSSetUp -->
        <test-method signature="validateLoginnnn()[pri:0, instance:com.corp.qa.testcases.LoginPageTest1@8ad6665]" started-at="2022-02-11T17:06:55Z" name="validateLoginnnn" finished-at="2022-02-11T17:06:57Z" duration-ms="1736" status="PASS">
          <reporter-output>
          </reporter-output>
        </test-method> <!-- validateLoginnnn -->
      </class> <!-- com.corp.qa.testcases.LoginPageTest1 -->
    </test> <!-- Default test -->
  </suite> <!-- Default suite -->
</testng-results>
