<?xml version="1.0" encoding="UTF-8"?>
<testng-results ignored="0" total="1" passed="1" failed="0" skipped="0">
  <reporter-output>
  </reporter-output>
  <suite started-at="2022-02-12T14:55:15Z" name="Suite" finished-at="2022-02-12T14:55:21Z" duration-ms="6398">
    <groups>
    </groups>
    <test started-at="2022-02-12T14:55:15Z" name="Test" finished-at="2022-02-12T14:55:21Z" duration-ms="6398">
      <class name="com.corp.qa.testcases.LoginPageTest1">
        <test-method is-config="true" signature="SSSetUp()[pri:0, instance:com.corp.qa.testcases.LoginPageTest1@600b9d27]" started-at="2022-02-12T14:55:15Z" name="SSSetUp" finished-at="2022-02-12T14:55:19Z" duration-ms="4379" status="PASS">
          <reporter-output>
          </reporter-output>
        </test-method> <!-- SSSetUp -->
        <test-method signature="validateLoginnnn()[pri:0, instance:com.corp.qa.testcases.LoginPageTest1@600b9d27]" started-at="2022-02-12T14:55:19Z" name="validateLoginnnn" finished-at="2022-02-12T14:55:21Z" duration-ms="2009" status="PASS">
          <reporter-output>
          </reporter-output>
        </test-method> <!-- validateLoginnnn -->
      </class> <!-- com.corp.qa.testcases.LoginPageTest1 -->
    </test> <!-- Test -->
  </suite> <!-- Suite -->
</testng-results>
